<?xml version="1.0" encoding="UTF-8"?>
<testsuite xmlns:xsi="http://www.w3.org/2001/XMLSchema-instance" xsi:noNamespaceSchemaLocation="https://maven.apache.org/surefire/maven-surefire-plugin/xsd/surefire-test-report.xsd" version="3.0.2" name="isima.codereview.AwesomePasswordCheckerTest" time="0.072" tests="9" errors="0" skipped="0" failures="0">
  <properties>
    <property name="java.specification.version" value="20"/>
    <property name="sun.jnu.encoding" value="UTF-8"/>
    <property name="java.class.path" value="/mnt/local.isima.fr/haelhilali/revueCode/mon-projet/target/test-classes:/mnt/local.isima.fr/haelhilali/revueCode/mon-projet/target/classes:/home/local.isima.fr/haelhilali/.m2/repository/org/junit/jupiter/junit-jupiter-api/5.11.0/junit-jupiter-api-5.11.0.jar:/home/local.isima.fr/haelhilali/.m2/repository/org/opentest4j/opentest4j/1.3.0/opentest4j-1.3.0.jar:/home/local.isima.fr/haelhilali/.m2/repository/org/junit/platform/junit-platform-commons/1.11.0/junit-platform-commons-1.11.0.jar:/home/local.isima.fr/haelhilali/.m2/repository/org/apiguardian/apiguardian-api/1.1.2/apiguardian-api-1.1.2.jar:/home/local.isima.fr/haelhilali/.m2/repository/org/junit/jupiter/junit-jupiter-params/5.11.0/junit-jupiter-params-5.11.0.jar:"/>
    <property name="java.vm.vendor" value="Oracle Corporation"/>
    <property name="sun.arch.data.model" value="64"/>
    <property name="java.vendor.url" value="https://java.oracle.com/"/>
    <property name="os.name" value="Linux"/>
    <property name="java.vm.specification.version" value="20"/>
    <property name="sun.java.launcher" value="SUN_STANDARD"/>
    <property name="user.country" value="FR"/>
    <property name="sun.boot.library.path" value="/usr/lib/jvm/jdk-20/lib"/>
    <property name="sun.java.command" value="/mnt/local.isima.fr/haelhilali/revueCode/mon-projet/target/surefire/surefirebooter-20241220234858286_3.jar /mnt/local.isima.fr/haelhilali/revueCode/mon-projet/target/surefire 2024-12-20T23-48-58_207-jvmRun1 surefire-20241220234858286_1tmp surefire_0-20241220234858286_2tmp"/>
    <property name="jdk.debug" value="release"/>
    <property name="surefire.test.class.path" value="/mnt/local.isima.fr/haelhilali/revueCode/mon-projet/target/test-classes:/mnt/local.isima.fr/haelhilali/revueCode/mon-projet/target/classes:/home/local.isima.fr/haelhilali/.m2/repository/org/junit/jupiter/junit-jupiter-api/5.11.0/junit-jupiter-api-5.11.0.jar:/home/local.isima.fr/haelhilali/.m2/repository/org/opentest4j/opentest4j/1.3.0/opentest4j-1.3.0.jar:/home/local.isima.fr/haelhilali/.m2/repository/org/junit/platform/junit-platform-commons/1.11.0/junit-platform-commons-1.11.0.jar:/home/local.isima.fr/haelhilali/.m2/repository/org/apiguardian/apiguardian-api/1.1.2/apiguardian-api-1.1.2.jar:/home/local.isima.fr/haelhilali/.m2/repository/org/junit/jupiter/junit-jupiter-params/5.11.0/junit-jupiter-params-5.11.0.jar:"/>
    <property name="sun.cpu.endian" value="little"/>
    <property name="user.home" value="/home/local.isima.fr/haelhilali"/>
    <property name="user.language" value="fr"/>
    <property name="java.specification.vendor" value="Oracle Corporation"/>
    <property name="java.version.date" value="2023-07-18"/>
    <property name="java.home" value="/usr/lib/jvm/jdk-20"/>
    <property name="file.separator" value="/"/>
    <property name="basedir" value="/mnt/local.isima.fr/haelhilali/revueCode/mon-projet"/>
    <property name="java.vm.compressedOopsMode" value="Zero based"/>
    <property name="line.separator" value="&#10;"/>
    <property name="java.specification.name" value="Java Platform API Specification"/>
    <property name="java.vm.specification.vendor" value="Oracle Corporation"/>
    <property name="surefire.real.class.path" value="/mnt/local.isima.fr/haelhilali/revueCode/mon-projet/target/surefire/surefirebooter-20241220234858286_3.jar"/>
    <property name="sun.management.compiler" value="HotSpot 64-Bit Tiered Compilers"/>
    <property name="java.runtime.version" value="20.0.2+9-78"/>
    <property name="user.name" value="haelhilali"/>
    <property name="stdout.encoding" value="UTF-8"/>
    <property name="path.separator" value=":"/>
    <property name="os.version" value="6.1.0-28-amd64"/>
    <property name="java.runtime.name" value="Java(TM) SE Runtime Environment"/>
    <property name="file.encoding" value="UTF-8"/>
    <property name="java.vm.name" value="Java HotSpot(TM) 64-Bit Server VM"/>
    <property name="localRepository" value="/home/local.isima.fr/haelhilali/.m2/repository"/>
    <property name="java.vendor.url.bug" value="https://bugreport.java.com/bugreport/"/>
    <property name="java.io.tmpdir" value="/tmp"/>
    <property name="java.version" value="20.0.2"/>
    <property name="user.dir" value="/mnt/local.isima.fr/haelhilali/revueCode/mon-projet"/>
    <property name="os.arch" value="amd64"/>
    <property name="java.vm.specification.name" value="Java Virtual Machine Specification"/>
    <property name="native.encoding" value="UTF-8"/>
    <property name="java.library.path" value="/usr/java/packages/lib:/usr/lib64:/lib64:/lib:/usr/lib"/>
    <property name="java.vm.info" value="mixed mode, sharing"/>
    <property name="stderr.encoding" value="UTF-8"/>
    <property name="java.vendor" value="Oracle Corporation"/>
    <property name="java.vm.version" value="20.0.2+9-78"/>
    <property name="sun.io.unicode.encoding" value="UnicodeLittle"/>
    <property name="java.class.version" value="64.0"/>
  </properties>
  <testcase name="testMaskAff_LowercaseLetters" classname="isima.codereview.AwesomePasswordCheckerTest" time="0.028"/>
  <testcase name="testMD5" classname="isima.codereview.AwesomePasswordCheckerTest" time="0.003"/>
  <testcase name="testMaskAff_UppercaseLetters" classname="isima.codereview.AwesomePasswordCheckerTest" time="0.001"/>
  <testcase name="testMaskAff_MixedCharacters" classname="isima.codereview.AwesomePasswordCheckerTest" time="0.003"/>
  <testcase name="testGetInstanceWithParam" classname="isima.codereview.AwesomePasswordCheckerTest" time="0.004"/>
  <testcase name="testGetDistance2" classname="isima.codereview.AwesomePasswordCheckerTest" time="0.002"/>
  <testcase name="testGetDistance" classname="isima.codereview.AwesomePasswordCheckerTest" time="0.001"/>
  <testcase name="testMaskAff_SpecialCharacters" classname="isima.codereview.AwesomePasswordCheckerTest" time="0.001"/>
  <testcase name="testGetInstance" classname="isima.codereview.AwesomePasswordCheckerTest" time="0.001"/>
</testsuite>